<?xml version="1.0" encoding="UTF-8"?>
<!-- Generated by org.testng.reporters.JUnitXMLReporter -->
<testsuite ignored="0" hostname="Venkatesh_Ravi" failures="0" tests="2" name="Default test" time="80.05" errors="0" timestamp="04 Jul 2025 10:54:00 GMT">
  <testcase classname="cucumber.api.testng.AbstractTestNGCucumberTests" name="runScenario" time="40.674"/>
  <testcase classname="cucumber.api.testng.AbstractTestNGCucumberTests" name="runScenario" time="38.679"/>
</testsuite> <!-- Default test -->
