<?xml version="1.0" encoding="UTF-8"?>
<testng-results ignored="0" total="2" passed="2" failed="0" skipped="0">
  <reporter-output>
  </reporter-output>
  <suite started-at="2025-06-09T10:20:19Z" name="Default suite" finished-at="2025-06-09T10:20:50Z" duration-ms="31341">
    <groups>
      <group name="cucumber">
        <method signature="AbstractTestNGCucumberTests.runScenario(cucumber.api.testng.PickleEventWrapper, cucumber.api.testng.CucumberFeatureWrapper)[pri:0, instance:TestRunner.Runner@7164ca4c]" name="runScenario" class="cucumber.api.testng.AbstractTestNGCucumberTests"/>
      </group> <!-- cucumber -->
    </groups>
    <test started-at="2025-06-09T10:20:19Z" name="Default test" finished-at="2025-06-09T10:20:50Z" duration-ms="31341">
      <class name="TestRunner.Runner">
        <test-method is-config="true" signature="setUpClass()[pri:0, instance:TestRunner.Runner@7164ca4c]" started-at="2025-06-09T10:20:19Z" name="setUpClass" finished-at="2025-06-09T10:20:19Z" duration-ms="377" status="PASS">
          <reporter-output>
          </reporter-output>
        </test-method> <!-- setUpClass -->
        <test-method signature="runScenario(cucumber.api.testng.PickleEventWrapper, cucumber.api.testng.CucumberFeatureWrapper)[pri:0, instance:TestRunner.Runner@7164ca4c]" started-at="2025-06-09T10:20:19Z" name="runScenario" description="Runs Cucumber Scenarios" data-provider="scenarios" finished-at="2025-06-09T10:20:29Z" duration-ms="10124" status="PASS">
          <params>
            <param index="0">
              <value>
                <![CDATA["Vaildating Registering Error Messages"]]>
              </value>
            </param>
            <param index="1">
              <value>
                <![CDATA["Shopping Application Demo"]]>
              </value>
            </param>
          </params>
          <reporter-output>
          </reporter-output>
        </test-method> <!-- runScenario -->
        <test-method signature="runScenario(cucumber.api.testng.PickleEventWrapper, cucumber.api.testng.CucumberFeatureWrapper)[pri:0, instance:TestRunner.Runner@7164ca4c]" started-at="2025-06-09T10:20:29Z" name="runScenario" description="Runs Cucumber Scenarios" data-provider="scenarios" finished-at="2025-06-09T10:20:49Z" duration-ms="20133" status="PASS">
          <params>
            <param index="0">
              <value>
                <![CDATA["Add a product to the cart"]]>
              </value>
            </param>
            <param index="1">
              <value>
                <![CDATA["Shopping Application Demo"]]>
              </value>
            </param>
          </params>
          <reporter-output>
          </reporter-output>
        </test-method> <!-- runScenario -->
        <test-method is-config="true" signature="tearDownClass()[pri:0, instance:TestRunner.Runner@7164ca4c]" started-at="2025-06-09T10:20:49Z" name="tearDownClass" finished-at="2025-06-09T10:20:50Z" duration-ms="663" status="PASS">
          <reporter-output>
          </reporter-output>
        </test-method> <!-- tearDownClass -->
      </class> <!-- TestRunner.Runner -->
    </test> <!-- Default test -->
  </suite> <!-- Default suite -->
</testng-results>
