<?xml version="1.0" encoding="UTF-8"?>
<testng-results ignored="0" total="2" passed="2" failed="0" skipped="0">
  <reporter-output>
  </reporter-output>
  <suite started-at="2025-07-04T10:52:40Z" name="Default suite" finished-at="2025-07-04T10:54:00Z" duration-ms="80050">
    <groups>
      <group name="cucumber">
        <method signature="AbstractTestNGCucumberTests.runScenario(cucumber.api.testng.PickleEventWrapper, cucumber.api.testng.CucumberFeatureWrapper)[pri:0, instance:TestRunner.Runner@5a2d131d]" name="runScenario" class="cucumber.api.testng.AbstractTestNGCucumberTests"/>
      </group> <!-- cucumber -->
    </groups>
    <test started-at="2025-07-04T10:52:40Z" name="Default test" finished-at="2025-07-04T10:54:00Z" duration-ms="80050">
      <class name="TestRunner.Runner">
        <test-method is-config="true" signature="setUpClass()[pri:0, instance:TestRunner.Runner@5a2d131d]" started-at="2025-07-04T10:52:40Z" name="setUpClass" finished-at="2025-07-04T10:52:40Z" duration-ms="354" status="PASS">
          <reporter-output>
          </reporter-output>
        </test-method> <!-- setUpClass -->
        <test-method signature="runScenario(cucumber.api.testng.PickleEventWrapper, cucumber.api.testng.CucumberFeatureWrapper)[pri:0, instance:TestRunner.Runner@5a2d131d]" started-at="2025-07-04T10:52:40Z" name="runScenario" description="Runs Cucumber Scenarios" data-provider="scenarios" finished-at="2025-07-04T10:53:21Z" duration-ms="40674" status="PASS">
          <params>
            <param index="0">
              <value>
                <![CDATA["Add a product to the cart"]]>
              </value>
            </param>
            <param index="1">
              <value>
                <![CDATA["Shopping Application Demo"]]>
              </value>
            </param>
          </params>
          <reporter-output>
          </reporter-output>
        </test-method> <!-- runScenario -->
        <test-method signature="runScenario(cucumber.api.testng.PickleEventWrapper, cucumber.api.testng.CucumberFeatureWrapper)[pri:0, instance:TestRunner.Runner@5a2d131d]" started-at="2025-07-04T10:53:21Z" name="runScenario" description="Runs Cucumber Scenarios" data-provider="scenarios" finished-at="2025-07-04T10:54:00Z" duration-ms="38679" status="PASS">
          <params>
            <param index="0">
              <value>
                <![CDATA["Add a product to the cart"]]>
              </value>
            </param>
            <param index="1">
              <value>
                <![CDATA["Shopping Application Demo"]]>
              </value>
            </param>
          </params>
          <reporter-output>
          </reporter-output>
        </test-method> <!-- runScenario -->
        <test-method is-config="true" signature="tearDownClass()[pri:0, instance:TestRunner.Runner@5a2d131d]" started-at="2025-07-04T10:54:00Z" name="tearDownClass" finished-at="2025-07-04T10:54:00Z" duration-ms="308" status="PASS">
          <reporter-output>
          </reporter-output>
        </test-method> <!-- tearDownClass -->
      </class> <!-- TestRunner.Runner -->
    </test> <!-- Default test -->
  </suite> <!-- Default suite -->
</testng-results>
